<?xml version="1.0" encoding="UTF-8"?>
<testng-results skipped="0" failed="0" total="1" passed="1">
  <reporter-output>
  </reporter-output>
  <suite name="Default suite" duration-ms="5928" started-at="2016-05-09T16:34:48Z" finished-at="2016-05-09T16:34:54Z">
    <groups>
    </groups>
    <test name="Default test" duration-ms="5928" started-at="2016-05-09T16:34:48Z" finished-at="2016-05-09T16:34:54Z">
      <class name="com.vodafone.securefamily.tests.CCScript1">
        <test-method status="PASS" signature="CcustomerCareLogin()[pri:0, instance:com.vodafone.securefamily.tests.CCScript1@adede5]" name="CcustomerCareLogin" duration-ms="5910" started-at="2016-05-09T18:34:48Z" finished-at="2016-05-09T18:34:54Z">
          <reporter-output>
          </reporter-output>
        </test-method> <!-- CcustomerCareLogin -->
      </class> <!-- com.vodafone.securefamily.tests.CCScript1 -->
    </test> <!-- Default test -->
  </suite> <!-- Default suite -->
</testng-results>
